<?xml version="1.0" encoding="UTF-8"?>
<!-- Generated by org.testng.reporters.JUnitReportReporter -->
<testsuite hostname="LPMoGhanim" failures="0" tests="1" name="com.almosafer.base.Base" time="6.005" errors="1" timestamp="2024-08-03T19:12:02 EET" skipped="0">
  <testcase classname="com.almosafer.base.Base" name="beforeClass" time="6.005">
    <error message="Could not start a new session. Response code 500. Message: An unknown server-side error occurred while processing the command. Original error: Cannot start the &#039;com.travel.almosafer&#039; application. Consider checking the driver&#039;s troubleshooting documentation. Original error: Error executing adbExec. Original error: &#039;Command &#039;C:\\Users\\LP\\AppData\\Local\\Android\\Sdk\\platform-tools\\adb.exe -P 5037 -s 6b99e5e7 shell am start -W -n com.travel.almosafer/com.travel.splash_ui_private.di.welcome.WelcomeActivity -S -a android.intent.action.MAIN -c android.intent.category.LAUNCHER -f 0x10200000&#039; exited with code 255&#039;; Command output: 
Exception occurred while executing &#039;start&#039;:
java.lang.SecurityException: Permission Denial: starting Intent { act=android.intent.action.MAIN cat=[android.intent.category.LAUNCHER] flg=0x10200000 cmp=com.travel.almosafer/com.travel.splash_ui_private.di.welcome.WelcomeActivity mCallingUid=2000 } from null (pid=31845, uid=2000) not exported from uid 10914
	at com.android.server.wm.ActivityTaskSupervisor.checkStartAnyActivityPermission(ActivityTaskSupervisor.java:1165)
	at com.android.server.wm.ActivityStarter.executeRequest(ActivityStarter.java:1086)
	at com.android.server.wm.ActivityStarter.execute(ActivityStarter.java:732)
	at com.android.server.wm.ActivityTaskManagerService.startActivityAndWait(ActivityTaskManagerService.java:1506)
	at com.android.server.am.ActivityManagerService.startActivityAndWait(ActivityManagerService.java:3158)
	at com.android.server.am.ActivityManagerShellCommand.runStartActivity(ActivityManagerShellCommand.java:562)
	at com.android.server.am.ActivityManagerShellCommand.onCommand(ActivityManagerShellCommand.java:198)
	at com.android.modules.utils.BasicShellCommandHandler.exec(BasicShellCommandHandler.java:97)
	at android.os.ShellCommand.exec(ShellCommand.java:38)
	at com.android.server.am.ActivityManagerService.onShellCommand(ActivityManagerService.java:9279)
	at android.os.Binder.shellCommand(Binder.java:970)
	at android.os.Binder.onTransact(Binder.java:854)
	at android.app.IActivityManager$Stub.onTransact(IActivityManager.java:5206)
	at com.android.server.am.ActivityManagerService.onTransact(ActivityManagerService.java:2667)
	at android.os.Binder.execTransactInternal(Binder.java:1226)
	at android.os.Binder.execTransact(Binder.java:1163)
 
Host info: host: &#039;LPMOGHANIM&#039;, ip: &#039;192.168.1.27&#039;
Build info: version: &#039;4.23.0&#039;, revision: &#039;4df0a231af&#039;
System info: os.name: &#039;Windows 11&#039;, os.arch: &#039;amd64&#039;, os.version: &#039;10.0&#039;, java.version: &#039;17.0.9&#039;
Driver info: io.appium.java_client.android.AndroidDriver
Command: [null, newSession {capabilities=[{appium:ignoreHiddenApiPolicyError=true, appium:appActivity=com.travel.splash_ui_private.di.welcome.WelcomeActivity, acceptInsecureCerts=true, appium:deviceName=6b99e5e7, appium:automationName=UiAutomator2, platformName=ANDROID, appium:platformVersion=12, appium:appPackage=com.travel.almosafer}], desiredCapabilities=Capabilities {acceptInsecureCerts: true, appActivity: com.travel.splash_ui_privat..., appPackage: com.travel.almosafer, automationName: UiAutomator2, deviceName: 6b99e5e7, ignoreHiddenApiPolicyError: true, platformName: ANDROID, platformVersion: 12}}]
Capabilities {acceptInsecureCerts: true, appActivity: com.travel.splash_ui_privat..., appPackage: com.travel.almosafer, automationName: UiAutomator2, deviceName: 6b99e5e7, ignoreHiddenApiPolicyError: true, platformName: ANDROID, platformVersion: 12}" type="org.openqa.selenium.SessionNotCreatedException">
      <![CDATA[org.openqa.selenium.SessionNotCreatedException: Could not start a new session. Response code 500. Message: An unknown server-side error occurred while processing the command. Original error: Cannot start the 'com.travel.almosafer' application. Consider checking the driver's troubleshooting documentation. Original error: Error executing adbExec. Original error: 'Command 'C:\\Users\\LP\\AppData\\Local\\Android\\Sdk\\platform-tools\\adb.exe -P 5037 -s 6b99e5e7 shell am start -W -n com.travel.almosafer/com.travel.splash_ui_private.di.welcome.WelcomeActivity -S -a android.intent.action.MAIN -c android.intent.category.LAUNCHER -f 0x10200000' exited with code 255'; Command output: 
Exception occurred while executing 'start':
java.lang.SecurityException: Permission Denial: starting Intent { act=android.intent.action.MAIN cat=[android.intent.category.LAUNCHER] flg=0x10200000 cmp=com.travel.almosafer/com.travel.splash_ui_private.di.welcome.WelcomeActivity mCallingUid=2000 } from null (pid=31845, uid=2000) not exported from uid 10914
at com.android.server.wm.ActivityTaskSupervisor.checkStartAnyActivityPermission(ActivityTaskSupervisor.java:1165)
at com.android.server.wm.ActivityStarter.executeRequest(ActivityStarter.java:1086)
at com.android.server.wm.ActivityStarter.execute(ActivityStarter.java:732)
at com.android.server.wm.ActivityTaskManagerService.startActivityAndWait(ActivityTaskManagerService.java:1506)
at com.android.server.am.ActivityManagerService.startActivityAndWait(ActivityManagerService.java:3158)
at com.android.server.am.ActivityManagerShellCommand.runStartActivity(ActivityManagerShellCommand.java:562)
at com.android.server.am.ActivityManagerShellCommand.onCommand(ActivityManagerShellCommand.java:198)
at com.android.modules.utils.BasicShellCommandHandler.exec(BasicShellCommandHandler.java:97)
at android.os.ShellCommand.exec(ShellCommand.java:38)
at com.android.server.am.ActivityManagerService.onShellCommand(ActivityManagerService.java:9279)
at android.os.Binder.shellCommand(Binder.java:970)
at android.os.Binder.onTransact(Binder.java:854)
at android.app.IActivityManager$Stub.onTransact(IActivityManager.java:5206)
at com.android.server.am.ActivityManagerService.onTransact(ActivityManagerService.java:2667)
at android.os.Binder.execTransactInternal(Binder.java:1226)
at android.os.Binder.execTransact(Binder.java:1163)
 
Host info: host: 'LPMOGHANIM', ip: '192.168.1.27'
Build info: version: '4.23.0', revision: '4df0a231af'
System info: os.name: 'Windows 11', os.arch: 'amd64', os.version: '10.0', java.version: '17.0.9'
Driver info: io.appium.java_client.android.AndroidDriver
Command: [null, newSession {capabilities=[{appium:ignoreHiddenApiPolicyError=true, appium:appActivity=com.travel.splash_ui_private.di.welcome.WelcomeActivity, acceptInsecureCerts=true, appium:deviceName=6b99e5e7, appium:automationName=UiAutomator2, platformName=ANDROID, appium:platformVersion=12, appium:appPackage=com.travel.almosafer}], desiredCapabilities=Capabilities {acceptInsecureCerts: true, appActivity: com.travel.splash_ui_privat..., appPackage: com.travel.almosafer, automationName: UiAutomator2, deviceName: 6b99e5e7, ignoreHiddenApiPolicyError: true, platformName: ANDROID, platformVersion: 12}}]
Capabilities {acceptInsecureCerts: true, appActivity: com.travel.splash_ui_privat..., appPackage: com.travel.almosafer, automationName: UiAutomator2, deviceName: 6b99e5e7, ignoreHiddenApiPolicyError: true, platformName: ANDROID, platformVersion: 12}
at org.openqa.selenium.remote.ProtocolHandshake.createSession(ProtocolHandshake.java:114)
at java.base/jdk.internal.reflect.NativeMethodAccessorImpl.invoke0(Native Method)
at java.base/jdk.internal.reflect.NativeMethodAccessorImpl.invoke(NativeMethodAccessorImpl.java:77)
at java.base/jdk.internal.reflect.DelegatingMethodAccessorImpl.invoke(DelegatingMethodAccessorImpl.java:43)
at java.base/java.lang.reflect.Method.invoke(Method.java:568)
at io.appium.java_client.remote.AppiumProtocolHandshake.createSession(AppiumProtocolHandshake.java:116)
at io.appium.java_client.remote.AppiumProtocolHandshake.createSession(AppiumProtocolHandshake.java:96)
at io.appium.java_client.remote.AppiumCommandExecutor.createSession(AppiumCommandExecutor.java:176)
at io.appium.java_client.remote.AppiumCommandExecutor.execute(AppiumCommandExecutor.java:237)
at org.openqa.selenium.remote.RemoteWebDriver.execute(RemoteWebDriver.java:527)
at io.appium.java_client.AppiumDriver.startSession(AppiumDriver.java:268)
at org.openqa.selenium.remote.RemoteWebDriver.<init>(RemoteWebDriver.java:163)
at io.appium.java_client.AppiumDriver.<init>(AppiumDriver.java:90)
at io.appium.java_client.AppiumDriver.<init>(AppiumDriver.java:102)
at io.appium.java_client.android.AndroidDriver.<init>(AndroidDriver.java:109)
at com.almosafer.base.Base.beforeClass(Base.java:43)
at java.base/jdk.internal.reflect.NativeMethodAccessorImpl.invoke0(Native Method)
at java.base/jdk.internal.reflect.NativeMethodAccessorImpl.invoke(NativeMethodAccessorImpl.java:77)
at java.base/jdk.internal.reflect.DelegatingMethodAccessorImpl.invoke(DelegatingMethodAccessorImpl.java:43)
at java.base/java.lang.reflect.Method.invoke(Method.java:568)
at org.testng.internal.invokers.MethodInvocationHelper.invokeMethod(MethodInvocationHelper.java:141)
at org.testng.internal.invokers.TestInvoker.invokeMethod(TestInvoker.java:686)
at org.testng.internal.invokers.TestInvoker.invokeTestMethod(TestInvoker.java:230)
at org.testng.internal.invokers.MethodRunner.runInSequence(MethodRunner.java:63)
at org.testng.internal.invokers.TestInvoker$MethodInvocationAgent.invoke(TestInvoker.java:992)
at org.testng.internal.invokers.TestInvoker.invokeTestMethods(TestInvoker.java:203)
at org.testng.internal.invokers.TestMethodWorker.invokeTestMethods(TestMethodWorker.java:154)
at org.testng.internal.invokers.TestMethodWorker.run(TestMethodWorker.java:134)
at java.base/java.util.ArrayList.forEach(ArrayList.java:1511)
at org.testng.TestRunner.privateRun(TestRunner.java:739)
at org.testng.TestRunner.run(TestRunner.java:614)
at org.testng.SuiteRunner.runTest(SuiteRunner.java:421)
at org.testng.SuiteRunner.runSequentially(SuiteRunner.java:413)
at org.testng.SuiteRunner.privateRun(SuiteRunner.java:373)
at org.testng.SuiteRunner.run(SuiteRunner.java:312)
at org.testng.SuiteRunnerWorker.runSuite(SuiteRunnerWorker.java:52)
at org.testng.SuiteRunnerWorker.run(SuiteRunnerWorker.java:95)
at org.testng.TestNG.runSuitesSequentially(TestNG.java:1274)
at org.testng.TestNG.runSuitesLocally(TestNG.java:1208)
at org.testng.TestNG.runSuites(TestNG.java:1112)
at org.testng.TestNG.run(TestNG.java:1079)
at org.testng.remote.AbstractRemoteTestNG.run(AbstractRemoteTestNG.java:115)
at org.testng.remote.RemoteTestNG.initAndRun(RemoteTestNG.java:293)
at org.testng.remote.RemoteTestNG.main(RemoteTestNG.java:91)
]]>
    </error>
  </testcase> <!-- beforeClass -->
</testsuite> <!-- com.almosafer.base.Base -->
