<?xml version="1.0" encoding="UTF-8"?>
<!-- Generated by org.testng.reporters.JUnitReportReporter -->
<testsuite hostname="LPMoGhanim" failures="0" tests="1" name="com.almosafer.testcases.MainScenarioTest" time="70.623" errors="0" timestamp="2024-08-08T11:41:35 EET" skipped="0">
  <testcase classname="com.almosafer.testcases.MainScenarioTest" name="testCase" time="70.623"/>
</testsuite> <!-- com.almosafer.testcases.MainScenarioTest -->
